{
  "stats": {
    "suites": 3,
    "tests": 4,
    "passes": 4,
    "pending": 0,
    "failures": 0,
    "start": "2022-08-25T19:48:48.672Z",
    "end": "2022-08-25T19:49:59.556Z",
    "duration": 70884,
    "testsRegistered": 4,
    "passPercent": 100,
    "pendingPercent": 0,
    "other": 0,
    "hasOther": false,
    "skipped": 0,
    "hasSkipped": false
  },
  "results": [
    {
      "uuid": "f46ee093-a9dc-40c2-820c-d8e1b13d02f0",
      "title": "",
      "fullFile": "",
      "file": "",
      "beforeHooks": [],
      "afterHooks": [],
      "tests": [],
      "suites": [
        {
          "uuid": "3a2423ea-6d40-40f4-84db-6e6cdf67c4ba",
          "title": "Login",
          "fullFile": "C:\\Users\\Avell\\qazando-automation\\features\\basic.feature",
          "file": "\\features\\basic.feature",
          "beforeHooks": [
            {
              "title": "\"before all\" hook: codeceptjs.beforeSuite in \"Login\"",
              "fullTitle": "Login \"before all\" hook: codeceptjs.beforeSuite in \"Login\"",
              "timedOut": false,
              "duration": 1,
              "state": null,
              "speed": null,
              "pass": false,
              "fail": false,
              "pending": false,
              "context": null,
              "code": "scenario.suiteSetup(suite)",
              "err": {},
              "uuid": "c3effac9-e6f1-479f-91c2-ce88c3697906",
              "parentUUID": "3a2423ea-6d40-40f4-84db-6e6cdf67c4ba",
              "isHook": true,
              "skipped": false
            },
            {
              "title": "\"before each\" hook: codeceptjs.before in \"Login\"",
              "fullTitle": "Login \"before each\" hook: codeceptjs.before in \"Login\"",
              "timedOut": false,
              "duration": 9553,
              "state": null,
              "speed": null,
              "pass": false,
              "fail": false,
              "pending": false,
              "context": null,
              "code": "scenario.setup(suite)",
              "err": {},
              "uuid": "9ceb7768-b665-4b93-83f1-55a886aad637",
              "parentUUID": "3a2423ea-6d40-40f4-84db-6e6cdf67c4ba",
              "isHook": true,
              "skipped": false
            }
          ],
          "afterHooks": [
            {
              "title": "\"after all\" hook: codeceptjs.afterSuite in \"Login\"",
              "fullTitle": "Login \"after all\" hook: codeceptjs.afterSuite in \"Login\"",
              "timedOut": false,
              "duration": 0,
              "state": null,
              "speed": null,
              "pass": false,
              "fail": false,
              "pending": false,
              "context": null,
              "code": "scenario.suiteTeardown(suite)",
              "err": {},
              "uuid": "89eb2950-7bd6-46a3-9acd-6b35c5513c1d",
              "parentUUID": "3a2423ea-6d40-40f4-84db-6e6cdf67c4ba",
              "isHook": true,
              "skipped": false
            },
            {
              "title": "\"after each\" hook: codeceptjs.after in \"Login\"",
              "fullTitle": "Login \"after each\" hook: codeceptjs.after in \"Login\"",
              "timedOut": false,
              "duration": 271,
              "state": null,
              "speed": null,
              "pass": false,
              "fail": false,
              "pending": false,
              "context": null,
              "code": "scenario.teardown(suite)",
              "err": {},
              "uuid": "482c98f0-8cb6-4cb6-9aac-aabf8ce53546",
              "parentUUID": "3a2423ea-6d40-40f4-84db-6e6cdf67c4ba",
              "isHook": true,
              "skipped": false
            }
          ],
          "tests": [
            {
              "title": "Login with success",
              "fullTitle": "Login Login with success",
              "timedOut": false,
              "duration": 9159,
              "state": "passed",
              "speed": "slow",
              "pass": true,
              "fail": false,
              "pending": false,
              "context": null,
              "code": "runSteps(child.steps)",
              "err": {},
              "uuid": "5924cebe-2d2a-44a9-a378-32ba94736fac",
              "parentUUID": "3a2423ea-6d40-40f4-84db-6e6cdf67c4ba",
              "isHook": false,
              "skipped": false
            }
          ],
          "suites": [],
          "passes": [
            "5924cebe-2d2a-44a9-a378-32ba94736fac"
          ],
          "failures": [],
          "pending": [],
          "skipped": [],
          "duration": 9159,
          "root": false,
          "rootEmpty": false,
          "_timeout": 0
        },
        {
          "uuid": "6791623b-1af5-49ce-8cf8-cb3121299576",
          "title": "login",
          "fullFile": "C:\\Users\\Avell\\qazando-automation\\test\\login_test.js",
          "file": "\\test\\login_test.js",
          "beforeHooks": [
            {
              "title": "\"before all\" hook: codeceptjs.beforeSuite in \"login\"",
              "fullTitle": "login \"before all\" hook: codeceptjs.beforeSuite in \"login\"",
              "timedOut": false,
              "duration": 0,
              "state": null,
              "speed": null,
              "pass": false,
              "fail": false,
              "pending": false,
              "context": null,
              "code": "scenario.suiteSetup(suite)",
              "err": {},
              "uuid": "f2df56a9-9737-463a-b25c-6e42358894b3",
              "parentUUID": "6791623b-1af5-49ce-8cf8-cb3121299576",
              "isHook": true,
              "skipped": false
            },
            {
              "title": "\"before each\" hook: codeceptjs.before in \"login\"",
              "fullTitle": "login \"before each\" hook: codeceptjs.before in \"login\"",
              "timedOut": false,
              "duration": 4705,
              "state": null,
              "speed": null,
              "pass": false,
              "fail": false,
              "pending": false,
              "context": null,
              "code": "scenario.setup(suite)",
              "err": {},
              "uuid": "0333ee1b-b27a-4746-bb22-86e9dc271bfa",
              "parentUUID": "6791623b-1af5-49ce-8cf8-cb3121299576",
              "isHook": true,
              "skipped": false
            }
          ],
          "afterHooks": [
            {
              "title": "\"after all\" hook: codeceptjs.afterSuite in \"login\"",
              "fullTitle": "login \"after all\" hook: codeceptjs.afterSuite in \"login\"",
              "timedOut": false,
              "duration": 0,
              "state": null,
              "speed": null,
              "pass": false,
              "fail": false,
              "pending": false,
              "context": null,
              "code": "scenario.suiteTeardown(suite)",
              "err": {},
              "uuid": "3df35743-df1b-46fc-b319-ea208e2cc254",
              "parentUUID": "6791623b-1af5-49ce-8cf8-cb3121299576",
              "isHook": true,
              "skipped": false
            },
            {
              "title": "\"after each\" hook: finalize codeceptjs in \"login\"",
              "fullTitle": "login \"after each\" hook: finalize codeceptjs in \"login\"",
              "timedOut": false,
              "duration": 347,
              "state": null,
              "speed": null,
              "pass": false,
              "fail": false,
              "pending": false,
              "context": null,
              "code": "scenario.teardown(suite)",
              "err": {},
              "uuid": "d9d6343e-dab4-4818-be99-67d1df64e768",
              "parentUUID": "6791623b-1af5-49ce-8cf8-cb3121299576",
              "isHook": true,
              "skipped": false
            }
          ],
          "tests": [
            {
              "title": "Login with sucess",
              "fullTitle": "login: Login with sucess",
              "timedOut": false,
              "duration": 9375,
              "state": "passed",
              "speed": "slow",
              "pass": true,
              "fail": false,
              "pending": false,
              "context": null,
              "code": "home_page}) => {\n    I.wait(5)\n    login_page.doLogin('teste@teste.com','123456')\n    home_page.checkLoginSucess()",
              "err": {},
              "uuid": "d03f52a3-1aaf-4cf3-9882-bd7aac2b9a5e",
              "parentUUID": "6791623b-1af5-49ce-8cf8-cb3121299576",
              "isHook": false,
              "skipped": false
            },
            {
              "title": "Login error",
              "fullTitle": "login: Login error",
              "timedOut": false,
              "duration": 8624,
              "state": "passed",
              "speed": "slow",
              "pass": true,
              "fail": false,
              "pending": false,
              "context": null,
              "code": "I.wait(5)\nlogin_page.doLogin('xteste@teste.com', '123456')\nlogin_page.checkLoginError()",
              "err": {},
              "uuid": "0df47cae-39d3-4902-b1c2-49be81095069",
              "parentUUID": "6791623b-1af5-49ce-8cf8-cb3121299576",
              "isHook": false,
              "skipped": false
            }
          ],
          "suites": [],
          "passes": [
            "d03f52a3-1aaf-4cf3-9882-bd7aac2b9a5e",
            "0df47cae-39d3-4902-b1c2-49be81095069"
          ],
          "failures": [],
          "pending": [],
          "skipped": [],
          "duration": 17999,
          "root": false,
          "rootEmpty": false,
          "_timeout": 0
        },
        {
          "uuid": "e76ac884-58b2-4673-bd39-50a45953ab28",
          "title": "Students",
          "fullFile": "C:\\Users\\Avell\\qazando-automation\\test\\students_test.js",
          "file": "\\test\\students_test.js",
          "beforeHooks": [
            {
              "title": "\"before all\" hook: codeceptjs.beforeSuite in \"Students\"",
              "fullTitle": "Students \"before all\" hook: codeceptjs.beforeSuite in \"Students\"",
              "timedOut": false,
              "duration": 0,
              "state": null,
              "speed": null,
              "pass": false,
              "fail": false,
              "pending": false,
              "context": null,
              "code": "scenario.suiteSetup(suite)",
              "err": {},
              "uuid": "e88f7705-79c4-4fdc-b496-b007fd15eafa",
              "parentUUID": "e76ac884-58b2-4673-bd39-50a45953ab28",
              "isHook": true,
              "skipped": false
            },
            {
              "title": "\"before each\" hook: codeceptjs.before in \"Students\"",
              "fullTitle": "Students \"before each\" hook: codeceptjs.before in \"Students\"",
              "timedOut": false,
              "duration": 4647,
              "state": null,
              "speed": null,
              "pass": false,
              "fail": false,
              "pending": false,
              "context": null,
              "code": "scenario.setup(suite)",
              "err": {},
              "uuid": "730c6019-3bd0-46b5-a541-eebd019e367c",
              "parentUUID": "e76ac884-58b2-4673-bd39-50a45953ab28",
              "isHook": true,
              "skipped": false
            }
          ],
          "afterHooks": [
            {
              "title": "\"after all\" hook: codeceptjs.afterSuite in \"Students\"",
              "fullTitle": "Students \"after all\" hook: codeceptjs.afterSuite in \"Students\"",
              "timedOut": false,
              "duration": 0,
              "state": null,
              "speed": null,
              "pass": false,
              "fail": false,
              "pending": false,
              "context": null,
              "code": "scenario.suiteTeardown(suite)",
              "err": {},
              "uuid": "d41a86a7-5bb5-479a-a115-94deac20af2e",
              "parentUUID": "e76ac884-58b2-4673-bd39-50a45953ab28",
              "isHook": true,
              "skipped": false
            },
            {
              "title": "\"after each\" hook: finalize codeceptjs in \"Students\"",
              "fullTitle": "Students \"after each\" hook: finalize codeceptjs in \"Students\"",
              "timedOut": false,
              "duration": 298,
              "state": null,
              "speed": null,
              "pass": false,
              "fail": false,
              "pending": false,
              "context": null,
              "code": "scenario.teardown(suite)",
              "err": {},
              "uuid": "85e2159a-a3a5-464d-b1ba-7974fe70402b",
              "parentUUID": "e76ac884-58b2-4673-bd39-50a45953ab28",
              "isHook": true,
              "skipped": false
            }
          ],
          "tests": [
            {
              "title": "Add student with sucess",
              "fullTitle": "Students: Add student with sucess",
              "timedOut": false,
              "duration": 18193,
              "state": "passed",
              "speed": "slow",
              "pass": true,
              "fail": false,
              "pending": false,
              "context": null,
              "code": "I.wait(5)\nlogin_page.doLogin('teste@teste.com','123456')\nhome_page.registerStudent('9999','Pablo Stenico')\nhome_page.searchStudent('Pablo Stenico','9999')",
              "err": {},
              "uuid": "319da02e-1be9-4a17-8d32-af768b27c576",
              "parentUUID": "e76ac884-58b2-4673-bd39-50a45953ab28",
              "isHook": false,
              "skipped": false
            }
          ],
          "suites": [],
          "passes": [
            "319da02e-1be9-4a17-8d32-af768b27c576"
          ],
          "failures": [],
          "pending": [],
          "skipped": [],
          "duration": 18193,
          "root": false,
          "rootEmpty": false,
          "_timeout": 0
        }
      ],
      "passes": [],
      "failures": [],
      "pending": [],
      "skipped": [],
      "duration": 0,
      "root": true,
      "rootEmpty": true,
      "_timeout": 0
    }
  ],
  "meta": {
    "mocha": {
      "version": "10.0.0"
    },
    "mochawesome": {
      "options": {
        "quiet": false,
        "reportFilename": "mochawesome",
        "saveHtml": true,
        "saveJson": true,
        "consoleReporter": "spec",
        "useInlineDiffs": false,
        "code": true
      },
      "version": "7.1.3"
    },
    "marge": {
      "options": {},
      "version": "6.2.0"
    }
  }
}